[1.411s] DEBUG:colcon:Command line arguments: ['/usr/bin/colcon', 'build', '--packages-select', 'py_test']
[1.411s] DEBUG:colcon:Parsed command line arguments: Namespace(log_base=None, log_level=None, verb_name='build', build_base='build', install_base='install', merge_install=False, symlink_install=False, test_result_base=None, continue_on_error=False, executor='parallel', parallel_workers=4, event_handlers=None, ignore_user_meta=False, metas=['./colcon.meta'], base_paths=['.'], packages_ignore=None, packages_ignore_regex=None, paths=None, packages_up_to=None, packages_up_to_regex=None, packages_above=None, packages_above_and_dependencies=None, packages_above_depth=None, packages_select_by_dep=None, packages_skip_by_dep=None, packages_skip_up_to=None, packages_select_build_failed=False, packages_skip_build_finished=False, packages_select_test_failures=False, packages_skip_test_passed=False, packages_select=['py_test'], packages_skip=None, packages_select_regex=None, packages_skip_regex=None, packages_start=None, packages_end=None, allow_overriding=[], cmake_args=None, cmake_target=None, cmake_target_skip_unavailable=False, cmake_clean_cache=False, cmake_clean_first=False, cmake_force_configure=False, ament_cmake_args=None, catkin_cmake_args=None, catkin_skip_building_tests=False, verb_parser=<colcon_defaults.argument_parser.defaults.DefaultArgumentsDecorator object at 0x7f39c742c8b0>, verb_extension=<colcon_core.verb.build.BuildVerb object at 0x7f39c742ff10>, main=<bound method BuildVerb.main of <colcon_core.verb.build.BuildVerb object at 0x7f39c742ff10>>)
[1.474s] Level 1:colcon.colcon_core.package_discovery:discover_packages(colcon_meta) check parameters
[1.475s] Level 1:colcon.colcon_core.package_discovery:discover_packages(recursive) check parameters
[1.475s] Level 1:colcon.colcon_core.package_discovery:discover_packages(ignore) check parameters
[1.475s] Level 1:colcon.colcon_core.package_discovery:discover_packages(path) check parameters
[1.475s] Level 1:colcon.colcon_core.package_discovery:discover_packages(colcon_meta) discover
[1.475s] Level 1:colcon.colcon_core.package_discovery:discover_packages(recursive) discover
[1.475s] INFO:colcon.colcon_core.package_discovery:Crawling recursively for packages in '/home/mslettom/Desktop/RoVR/Python/ros2_wrk'
[1.475s] Level 1:colcon.colcon_core.package_identification:_identify(.) by extensions ['ignore', 'ignore_ament_install']
[1.475s] Level 1:colcon.colcon_core.package_identification:_identify(.) by extension 'ignore'
[1.475s] Level 1:colcon.colcon_core.package_identification:_identify(.) by extension 'ignore_ament_install'
[1.475s] Level 1:colcon.colcon_core.package_identification:_identify(.) by extensions ['colcon_pkg']
[1.475s] Level 1:colcon.colcon_core.package_identification:_identify(.) by extension 'colcon_pkg'
[1.475s] Level 1:colcon.colcon_core.package_identification:_identify(.) by extensions ['colcon_meta']
[1.475s] Level 1:colcon.colcon_core.package_identification:_identify(.) by extension 'colcon_meta'
[1.476s] Level 1:colcon.colcon_core.package_identification:_identify(.) by extensions ['ros']
[1.476s] Level 1:colcon.colcon_core.package_identification:_identify(.) by extension 'ros'
[1.494s] Level 1:colcon.colcon_core.package_identification:_identify(.) by extensions ['cmake', 'python']
[1.494s] Level 1:colcon.colcon_core.package_identification:_identify(.) by extension 'cmake'
[1.494s] Level 1:colcon.colcon_core.package_identification:_identify(.) by extension 'python'
[1.494s] Level 1:colcon.colcon_core.package_identification:_identify(.) by extensions ['python_setup_py']
[1.494s] Level 1:colcon.colcon_core.package_identification:_identify(.) by extension 'python_setup_py'
[1.494s] Level 1:colcon.colcon_core.package_identification:_identify(build) by extensions ['ignore', 'ignore_ament_install']
[1.494s] Level 1:colcon.colcon_core.package_identification:_identify(build) by extension 'ignore'
[1.494s] Level 1:colcon.colcon_core.package_identification:_identify(build) ignored
[1.495s] Level 1:colcon.colcon_core.package_identification:_identify(install) by extensions ['ignore', 'ignore_ament_install']
[1.495s] Level 1:colcon.colcon_core.package_identification:_identify(install) by extension 'ignore'
[1.495s] Level 1:colcon.colcon_core.package_identification:_identify(install) ignored
[1.495s] Level 1:colcon.colcon_core.package_identification:_identify(log) by extensions ['ignore', 'ignore_ament_install']
[1.495s] Level 1:colcon.colcon_core.package_identification:_identify(log) by extension 'ignore'
[1.495s] Level 1:colcon.colcon_core.package_identification:_identify(log) ignored
[1.495s] Level 1:colcon.colcon_core.package_identification:_identify(py_test) by extensions ['ignore', 'ignore_ament_install']
[1.495s] Level 1:colcon.colcon_core.package_identification:_identify(py_test) by extension 'ignore'
[1.495s] Level 1:colcon.colcon_core.package_identification:_identify(py_test) by extension 'ignore_ament_install'
[1.495s] Level 1:colcon.colcon_core.package_identification:_identify(py_test) by extensions ['colcon_pkg']
[1.495s] Level 1:colcon.colcon_core.package_identification:_identify(py_test) by extension 'colcon_pkg'
[1.495s] Level 1:colcon.colcon_core.package_identification:_identify(py_test) by extensions ['colcon_meta']
[1.495s] Level 1:colcon.colcon_core.package_identification:_identify(py_test) by extension 'colcon_meta'
[1.496s] Level 1:colcon.colcon_core.package_identification:_identify(py_test) by extensions ['ros']
[1.496s] Level 1:colcon.colcon_core.package_identification:_identify(py_test) by extension 'ros'
[1.499s] DEBUG:colcon.colcon_core.package_identification:Package 'py_test' with type 'ros.ament_python' and name 'py_test'
[1.499s] Level 1:colcon.colcon_core.package_identification:_identify(src) by extensions ['ignore', 'ignore_ament_install']
[1.499s] Level 1:colcon.colcon_core.package_identification:_identify(src) by extension 'ignore'
[1.499s] Level 1:colcon.colcon_core.package_identification:_identify(src) by extension 'ignore_ament_install'
[1.500s] Level 1:colcon.colcon_core.package_identification:_identify(src) by extensions ['colcon_pkg']
[1.500s] Level 1:colcon.colcon_core.package_identification:_identify(src) by extension 'colcon_pkg'
[1.500s] Level 1:colcon.colcon_core.package_identification:_identify(src) by extensions ['colcon_meta']
[1.500s] Level 1:colcon.colcon_core.package_identification:_identify(src) by extension 'colcon_meta'
[1.500s] Level 1:colcon.colcon_core.package_identification:_identify(src) by extensions ['ros']
[1.500s] Level 1:colcon.colcon_core.package_identification:_identify(src) by extension 'ros'
[1.500s] Level 1:colcon.colcon_core.package_identification:_identify(src) by extensions ['cmake', 'python']
[1.500s] Level 1:colcon.colcon_core.package_identification:_identify(src) by extension 'cmake'
[1.500s] Level 1:colcon.colcon_core.package_identification:_identify(src) by extension 'python'
[1.500s] Level 1:colcon.colcon_core.package_identification:_identify(src) by extensions ['python_setup_py']
[1.500s] Level 1:colcon.colcon_core.package_identification:_identify(src) by extension 'python_setup_py'
[1.500s] Level 1:colcon.colcon_core.package_discovery:discover_packages(recursive) using defaults
[1.500s] Level 1:colcon.colcon_core.package_discovery:discover_packages(ignore) discover
[1.500s] Level 1:colcon.colcon_core.package_discovery:discover_packages(ignore) using defaults
[1.500s] Level 1:colcon.colcon_core.package_discovery:discover_packages(path) discover
[1.500s] Level 1:colcon.colcon_core.package_discovery:discover_packages(path) using defaults
[1.622s] Level 1:colcon.colcon_core.package_discovery:discover_packages(prefix_path) check parameters
[1.622s] Level 1:colcon.colcon_core.package_discovery:discover_packages(prefix_path) discover
[1.667s] DEBUG:colcon.colcon_installed_package_information.package_discovery:Found 0 installed packages in /home/mslettom/Desktop/RoVR/Python/ros2_wrk/install
[1.686s] DEBUG:colcon.colcon_installed_package_information.package_discovery:Found 270 installed packages in /opt/ros/humble
[1.688s] Level 1:colcon.colcon_core.package_discovery:discover_packages(prefix_path) using defaults
[1.816s] Level 5:colcon.colcon_core.verb:set package 'py_test' build argument 'cmake_args' from command line to 'None'
[1.817s] Level 5:colcon.colcon_core.verb:set package 'py_test' build argument 'cmake_target' from command line to 'None'
[1.817s] Level 5:colcon.colcon_core.verb:set package 'py_test' build argument 'cmake_target_skip_unavailable' from command line to 'False'
[1.817s] Level 5:colcon.colcon_core.verb:set package 'py_test' build argument 'cmake_clean_cache' from command line to 'False'
[1.817s] Level 5:colcon.colcon_core.verb:set package 'py_test' build argument 'cmake_clean_first' from command line to 'False'
[1.817s] Level 5:colcon.colcon_core.verb:set package 'py_test' build argument 'cmake_force_configure' from command line to 'False'
[1.817s] Level 5:colcon.colcon_core.verb:set package 'py_test' build argument 'ament_cmake_args' from command line to 'None'
[1.817s] Level 5:colcon.colcon_core.verb:set package 'py_test' build argument 'catkin_cmake_args' from command line to 'None'
[1.817s] Level 5:colcon.colcon_core.verb:set package 'py_test' build argument 'catkin_skip_building_tests' from command line to 'False'
[1.817s] DEBUG:colcon.colcon_core.verb:Building package 'py_test' with the following arguments: {'ament_cmake_args': None, 'build_base': '/home/mslettom/Desktop/RoVR/Python/ros2_wrk/build/py_test', 'catkin_cmake_args': None, 'catkin_skip_building_tests': False, 'cmake_args': None, 'cmake_clean_cache': False, 'cmake_clean_first': False, 'cmake_force_configure': False, 'cmake_target': None, 'cmake_target_skip_unavailable': False, 'install_base': '/home/mslettom/Desktop/RoVR/Python/ros2_wrk/install/py_test', 'merge_install': False, 'path': '/home/mslettom/Desktop/RoVR/Python/ros2_wrk/py_test', 'symlink_install': False, 'test_result_base': None}
[1.837s] INFO:colcon.colcon_core.executor:Executing jobs using 'parallel' executor
[1.860s] DEBUG:colcon.colcon_parallel_executor.executor.parallel:run_until_complete
[1.862s] INFO:colcon.colcon_ros.task.ament_python.build:Building ROS package in '/home/mslettom/Desktop/RoVR/Python/ros2_wrk/py_test' with build type 'ament_python'
[1.862s] Level 1:colcon.colcon_core.shell:create_environment_hook('py_test', 'ament_prefix_path')
[1.885s] INFO:colcon.colcon_core.plugin_system:Skipping extension 'colcon_core.shell.bat': Not used on non-Windows systems
[1.885s] INFO:colcon.colcon_core.shell:Creating environment hook '/home/mslettom/Desktop/RoVR/Python/ros2_wrk/install/py_test/share/py_test/hook/ament_prefix_path.ps1'
[1.889s] INFO:colcon.colcon_core.shell:Creating environment descriptor '/home/mslettom/Desktop/RoVR/Python/ros2_wrk/install/py_test/share/py_test/hook/ament_prefix_path.dsv'
[1.890s] INFO:colcon.colcon_core.shell:Creating environment hook '/home/mslettom/Desktop/RoVR/Python/ros2_wrk/install/py_test/share/py_test/hook/ament_prefix_path.sh'
[1.912s] INFO:colcon.colcon_core.shell:Skip shell extension 'powershell' for command environment: Not usable outside of PowerShell
[1.913s] DEBUG:colcon.colcon_core.shell:Skip shell extension 'dsv' for command environment
[2.519s] INFO:colcon.colcon_core.task.python.build:Building Python package in '/home/mslettom/Desktop/RoVR/Python/ros2_wrk/py_test'
[2.545s] INFO:colcon.colcon_core.shell:Skip shell extension 'powershell' for command environment: Not usable outside of PowerShell
[2.546s] DEBUG:colcon.colcon_core.shell:Skip shell extension 'dsv' for command environment
[3.360s] DEBUG:colcon.colcon_core.event_handler.log_command:Invoking command in '/home/mslettom/Desktop/RoVR/Python/ros2_wrk/py_test': PYTHONPATH=/home/mslettom/Desktop/RoVR/Python/ros2_wrk/build/py_test/prefix_override:/home/mslettom/Desktop/RoVR/Python/ros2_wrk/install/py_test/lib/python3.10/site-packages:${PYTHONPATH} /usr/bin/python3 setup.py egg_info --egg-base ../build/py_test build --build-base /home/mslettom/Desktop/RoVR/Python/ros2_wrk/build/py_test/build install --record /home/mslettom/Desktop/RoVR/Python/ros2_wrk/build/py_test/install.log --single-version-externally-managed
[3.800s] DEBUG:colcon.colcon_core.event_handler.log_command:Invoked command in '/home/mslettom/Desktop/RoVR/Python/ros2_wrk/py_test' returned '0': PYTHONPATH=/home/mslettom/Desktop/RoVR/Python/ros2_wrk/build/py_test/prefix_override:/home/mslettom/Desktop/RoVR/Python/ros2_wrk/install/py_test/lib/python3.10/site-packages:${PYTHONPATH} /usr/bin/python3 setup.py egg_info --egg-base ../build/py_test build --build-base /home/mslettom/Desktop/RoVR/Python/ros2_wrk/build/py_test/build install --record /home/mslettom/Desktop/RoVR/Python/ros2_wrk/build/py_test/install.log --single-version-externally-managed
[3.851s] Level 1:colcon.colcon_core.environment:checking '/home/mslettom/Desktop/RoVR/Python/ros2_wrk/install/py_test' for CMake module files
[3.853s] Level 1:colcon.colcon_core.environment:checking '/home/mslettom/Desktop/RoVR/Python/ros2_wrk/install/py_test' for CMake config files
[3.853s] Level 1:colcon.colcon_core.environment:checking '/home/mslettom/Desktop/RoVR/Python/ros2_wrk/install/py_test/lib'
[3.854s] Level 1:colcon.colcon_core.environment:checking '/home/mslettom/Desktop/RoVR/Python/ros2_wrk/install/py_test/bin'
[3.854s] Level 1:colcon.colcon_core.environment:checking '/home/mslettom/Desktop/RoVR/Python/ros2_wrk/install/py_test/lib/pkgconfig/py_test.pc'
[3.854s] Level 1:colcon.colcon_core.environment:checking '/home/mslettom/Desktop/RoVR/Python/ros2_wrk/install/py_test/lib/python3.10/site-packages'
[3.855s] Level 1:colcon.colcon_core.shell:create_environment_hook('py_test', 'pythonpath')
[3.883s] INFO:colcon.colcon_core.shell:Creating environment hook '/home/mslettom/Desktop/RoVR/Python/ros2_wrk/install/py_test/share/py_test/hook/pythonpath.ps1'
[3.884s] INFO:colcon.colcon_core.shell:Creating environment descriptor '/home/mslettom/Desktop/RoVR/Python/ros2_wrk/install/py_test/share/py_test/hook/pythonpath.dsv'
[3.885s] INFO:colcon.colcon_core.shell:Creating environment hook '/home/mslettom/Desktop/RoVR/Python/ros2_wrk/install/py_test/share/py_test/hook/pythonpath.sh'
[3.886s] Level 1:colcon.colcon_core.environment:checking '/home/mslettom/Desktop/RoVR/Python/ros2_wrk/install/py_test/bin'
[3.886s] Level 1:colcon.colcon_core.environment:create_environment_scripts_only(py_test)
[3.915s] INFO:colcon.colcon_core.shell:Creating package script '/home/mslettom/Desktop/RoVR/Python/ros2_wrk/install/py_test/share/py_test/package.ps1'
[3.918s] INFO:colcon.colcon_core.shell:Creating package descriptor '/home/mslettom/Desktop/RoVR/Python/ros2_wrk/install/py_test/share/py_test/package.dsv'
[3.920s] INFO:colcon.colcon_core.shell:Creating package script '/home/mslettom/Desktop/RoVR/Python/ros2_wrk/install/py_test/share/py_test/package.sh'
[3.922s] INFO:colcon.colcon_core.shell:Creating package script '/home/mslettom/Desktop/RoVR/Python/ros2_wrk/install/py_test/share/py_test/package.bash'
[3.925s] INFO:colcon.colcon_core.shell:Creating package script '/home/mslettom/Desktop/RoVR/Python/ros2_wrk/install/py_test/share/py_test/package.zsh'
[3.927s] Level 1:colcon.colcon_core.environment:create_file_with_runtime_dependencies(/home/mslettom/Desktop/RoVR/Python/ros2_wrk/install/py_test/share/colcon-core/packages/py_test)
[3.927s] DEBUG:colcon.colcon_parallel_executor.executor.parallel:closing loop
[3.928s] DEBUG:colcon.colcon_parallel_executor.executor.parallel:loop closed
[3.928s] DEBUG:colcon.colcon_parallel_executor.executor.parallel:run_until_complete finished with '0'
[3.928s] DEBUG:colcon.colcon_core.event_reactor:joining thread
[3.986s] INFO:colcon.colcon_core.plugin_system:Skipping extension 'colcon_notification.desktop_notification.terminal_notifier': Not used on non-Darwin systems
[3.986s] INFO:colcon.colcon_core.plugin_system:Skipping extension 'colcon_notification.desktop_notification.win32': Not used on non-Windows systems
[3.986s] INFO:colcon.colcon_notification.desktop_notification:Sending desktop notification using 'notify2'
[4.012s] DEBUG:colcon.colcon_core.event_reactor:joined thread
[4.034s] INFO:colcon.colcon_core.shell:Creating prefix script '/home/mslettom/Desktop/RoVR/Python/ros2_wrk/install/local_setup.ps1'
[4.040s] INFO:colcon.colcon_core.shell:Creating prefix util module '/home/mslettom/Desktop/RoVR/Python/ros2_wrk/install/_local_setup_util_ps1.py'
[4.044s] INFO:colcon.colcon_core.shell:Creating prefix chain script '/home/mslettom/Desktop/RoVR/Python/ros2_wrk/install/setup.ps1'
[4.067s] INFO:colcon.colcon_core.shell:Creating prefix script '/home/mslettom/Desktop/RoVR/Python/ros2_wrk/install/local_setup.sh'
[4.068s] INFO:colcon.colcon_core.shell:Creating prefix util module '/home/mslettom/Desktop/RoVR/Python/ros2_wrk/install/_local_setup_util_sh.py'
[4.069s] INFO:colcon.colcon_core.shell:Creating prefix chain script '/home/mslettom/Desktop/RoVR/Python/ros2_wrk/install/setup.sh'
[4.104s] INFO:colcon.colcon_core.shell:Creating prefix script '/home/mslettom/Desktop/RoVR/Python/ros2_wrk/install/local_setup.bash'
[4.105s] INFO:colcon.colcon_core.shell:Creating prefix chain script '/home/mslettom/Desktop/RoVR/Python/ros2_wrk/install/setup.bash'
[4.141s] INFO:colcon.colcon_core.shell:Creating prefix script '/home/mslettom/Desktop/RoVR/Python/ros2_wrk/install/local_setup.zsh'
[4.143s] INFO:colcon.colcon_core.shell:Creating prefix chain script '/home/mslettom/Desktop/RoVR/Python/ros2_wrk/install/setup.zsh'
