[1.417s] DEBUG:colcon:Command line arguments: ['/usr/bin/colcon', 'build', '--packages-select', 'py_test']
[1.417s] DEBUG:colcon:Parsed command line arguments: Namespace(log_base=None, log_level=None, verb_name='build', build_base='build', install_base='install', merge_install=False, symlink_install=False, test_result_base=None, continue_on_error=False, executor='parallel', parallel_workers=4, event_handlers=None, ignore_user_meta=False, metas=['./colcon.meta'], base_paths=['.'], packages_ignore=None, packages_ignore_regex=None, paths=None, packages_up_to=None, packages_up_to_regex=None, packages_above=None, packages_above_and_dependencies=None, packages_above_depth=None, packages_select_by_dep=None, packages_skip_by_dep=None, packages_skip_up_to=None, packages_select_build_failed=False, packages_skip_build_finished=False, packages_select_test_failures=False, packages_skip_test_passed=False, packages_select=['py_test'], packages_skip=None, packages_select_regex=None, packages_skip_regex=None, packages_start=None, packages_end=None, allow_overriding=[], cmake_args=None, cmake_target=None, cmake_target_skip_unavailable=False, cmake_clean_cache=False, cmake_clean_first=False, cmake_force_configure=False, ament_cmake_args=None, catkin_cmake_args=None, catkin_skip_building_tests=False, verb_parser=<colcon_defaults.argument_parser.defaults.DefaultArgumentsDecorator object at 0x7fbe5ed36530>, verb_extension=<colcon_core.verb.build.BuildVerb object at 0x7fbe5ed37e50>, main=<bound method BuildVerb.main of <colcon_core.verb.build.BuildVerb object at 0x7fbe5ed37e50>>)
[1.487s] Level 1:colcon.colcon_core.package_discovery:discover_packages(colcon_meta) check parameters
[1.488s] Level 1:colcon.colcon_core.package_discovery:discover_packages(recursive) check parameters
[1.488s] Level 1:colcon.colcon_core.package_discovery:discover_packages(ignore) check parameters
[1.488s] Level 1:colcon.colcon_core.package_discovery:discover_packages(path) check parameters
[1.489s] Level 1:colcon.colcon_core.package_discovery:discover_packages(colcon_meta) discover
[1.489s] Level 1:colcon.colcon_core.package_discovery:discover_packages(recursive) discover
[1.489s] INFO:colcon.colcon_core.package_discovery:Crawling recursively for packages in '/home/mslettom/Desktop/RoVR/Python/ros2_wrk'
[1.490s] Level 1:colcon.colcon_core.package_identification:_identify(.) by extensions ['ignore', 'ignore_ament_install']
[1.490s] Level 1:colcon.colcon_core.package_identification:_identify(.) by extension 'ignore'
[1.491s] Level 1:colcon.colcon_core.package_identification:_identify(.) by extension 'ignore_ament_install'
[1.491s] Level 1:colcon.colcon_core.package_identification:_identify(.) by extensions ['colcon_pkg']
[1.491s] Level 1:colcon.colcon_core.package_identification:_identify(.) by extension 'colcon_pkg'
[1.491s] Level 1:colcon.colcon_core.package_identification:_identify(.) by extensions ['colcon_meta']
[1.492s] Level 1:colcon.colcon_core.package_identification:_identify(.) by extension 'colcon_meta'
[1.493s] Level 1:colcon.colcon_core.package_identification:_identify(.) by extensions ['ros']
[1.493s] Level 1:colcon.colcon_core.package_identification:_identify(.) by extension 'ros'
[1.521s] Level 1:colcon.colcon_core.package_identification:_identify(.) by extensions ['cmake', 'python']
[1.521s] Level 1:colcon.colcon_core.package_identification:_identify(.) by extension 'cmake'
[1.522s] Level 1:colcon.colcon_core.package_identification:_identify(.) by extension 'python'
[1.522s] Level 1:colcon.colcon_core.package_identification:_identify(.) by extensions ['python_setup_py']
[1.522s] Level 1:colcon.colcon_core.package_identification:_identify(.) by extension 'python_setup_py'
[1.523s] Level 1:colcon.colcon_core.package_identification:_identify(build) by extensions ['ignore', 'ignore_ament_install']
[1.523s] Level 1:colcon.colcon_core.package_identification:_identify(build) by extension 'ignore'
[1.523s] Level 1:colcon.colcon_core.package_identification:_identify(build) ignored
[1.523s] Level 1:colcon.colcon_core.package_identification:_identify(install) by extensions ['ignore', 'ignore_ament_install']
[1.524s] Level 1:colcon.colcon_core.package_identification:_identify(install) by extension 'ignore'
[1.524s] Level 1:colcon.colcon_core.package_identification:_identify(install) ignored
[1.525s] Level 1:colcon.colcon_core.package_identification:_identify(log) by extensions ['ignore', 'ignore_ament_install']
[1.525s] Level 1:colcon.colcon_core.package_identification:_identify(log) by extension 'ignore'
[1.525s] Level 1:colcon.colcon_core.package_identification:_identify(log) ignored
[1.526s] Level 1:colcon.colcon_core.package_identification:_identify(py_test) by extensions ['ignore', 'ignore_ament_install']
[1.526s] Level 1:colcon.colcon_core.package_identification:_identify(py_test) by extension 'ignore'
[1.526s] Level 1:colcon.colcon_core.package_identification:_identify(py_test) by extension 'ignore_ament_install'
[1.526s] Level 1:colcon.colcon_core.package_identification:_identify(py_test) by extensions ['colcon_pkg']
[1.527s] Level 1:colcon.colcon_core.package_identification:_identify(py_test) by extension 'colcon_pkg'
[1.527s] Level 1:colcon.colcon_core.package_identification:_identify(py_test) by extensions ['colcon_meta']
[1.527s] Level 1:colcon.colcon_core.package_identification:_identify(py_test) by extension 'colcon_meta'
[1.527s] Level 1:colcon.colcon_core.package_identification:_identify(py_test) by extensions ['ros']
[1.528s] Level 1:colcon.colcon_core.package_identification:_identify(py_test) by extension 'ros'
[1.531s] DEBUG:colcon.colcon_core.package_identification:Package 'py_test' with type 'ros.ament_python' and name 'py_test'
[1.531s] Level 1:colcon.colcon_core.package_identification:_identify(src) by extensions ['ignore', 'ignore_ament_install']
[1.532s] Level 1:colcon.colcon_core.package_identification:_identify(src) by extension 'ignore'
[1.532s] Level 1:colcon.colcon_core.package_identification:_identify(src) by extension 'ignore_ament_install'
[1.533s] Level 1:colcon.colcon_core.package_identification:_identify(src) by extensions ['colcon_pkg']
[1.533s] Level 1:colcon.colcon_core.package_identification:_identify(src) by extension 'colcon_pkg'
[1.533s] Level 1:colcon.colcon_core.package_identification:_identify(src) by extensions ['colcon_meta']
[1.534s] Level 1:colcon.colcon_core.package_identification:_identify(src) by extension 'colcon_meta'
[1.534s] Level 1:colcon.colcon_core.package_identification:_identify(src) by extensions ['ros']
[1.534s] Level 1:colcon.colcon_core.package_identification:_identify(src) by extension 'ros'
[1.535s] Level 1:colcon.colcon_core.package_identification:_identify(src) by extensions ['cmake', 'python']
[1.535s] Level 1:colcon.colcon_core.package_identification:_identify(src) by extension 'cmake'
[1.535s] Level 1:colcon.colcon_core.package_identification:_identify(src) by extension 'python'
[1.536s] Level 1:colcon.colcon_core.package_identification:_identify(src) by extensions ['python_setup_py']
[1.536s] Level 1:colcon.colcon_core.package_identification:_identify(src) by extension 'python_setup_py'
[1.536s] Level 1:colcon.colcon_core.package_discovery:discover_packages(recursive) using defaults
[1.537s] Level 1:colcon.colcon_core.package_discovery:discover_packages(ignore) discover
[1.537s] Level 1:colcon.colcon_core.package_discovery:discover_packages(ignore) using defaults
[1.537s] Level 1:colcon.colcon_core.package_discovery:discover_packages(path) discover
[1.538s] Level 1:colcon.colcon_core.package_discovery:discover_packages(path) using defaults
[1.696s] Level 1:colcon.colcon_core.package_discovery:discover_packages(prefix_path) check parameters
[1.697s] Level 1:colcon.colcon_core.package_discovery:discover_packages(prefix_path) discover
[1.738s] DEBUG:colcon.colcon_installed_package_information.package_discovery:Found 1 installed packages in /home/mslettom/Desktop/RoVR/Python/ros2_wrk/install
[1.759s] DEBUG:colcon.colcon_installed_package_information.package_discovery:Found 270 installed packages in /opt/ros/humble
[1.762s] Level 1:colcon.colcon_core.package_discovery:discover_packages(prefix_path) using defaults
[1.894s] Level 5:colcon.colcon_core.verb:set package 'py_test' build argument 'cmake_args' from command line to 'None'
[1.895s] Level 5:colcon.colcon_core.verb:set package 'py_test' build argument 'cmake_target' from command line to 'None'
[1.895s] Level 5:colcon.colcon_core.verb:set package 'py_test' build argument 'cmake_target_skip_unavailable' from command line to 'False'
[1.895s] Level 5:colcon.colcon_core.verb:set package 'py_test' build argument 'cmake_clean_cache' from command line to 'False'
[1.896s] Level 5:colcon.colcon_core.verb:set package 'py_test' build argument 'cmake_clean_first' from command line to 'False'
[1.896s] Level 5:colcon.colcon_core.verb:set package 'py_test' build argument 'cmake_force_configure' from command line to 'False'
[1.898s] Level 5:colcon.colcon_core.verb:set package 'py_test' build argument 'ament_cmake_args' from command line to 'None'
[1.898s] Level 5:colcon.colcon_core.verb:set package 'py_test' build argument 'catkin_cmake_args' from command line to 'None'
[1.898s] Level 5:colcon.colcon_core.verb:set package 'py_test' build argument 'catkin_skip_building_tests' from command line to 'False'
[1.899s] DEBUG:colcon.colcon_core.verb:Building package 'py_test' with the following arguments: {'ament_cmake_args': None, 'build_base': '/home/mslettom/Desktop/RoVR/Python/ros2_wrk/build/py_test', 'catkin_cmake_args': None, 'catkin_skip_building_tests': False, 'cmake_args': None, 'cmake_clean_cache': False, 'cmake_clean_first': False, 'cmake_force_configure': False, 'cmake_target': None, 'cmake_target_skip_unavailable': False, 'install_base': '/home/mslettom/Desktop/RoVR/Python/ros2_wrk/install/py_test', 'merge_install': False, 'path': '/home/mslettom/Desktop/RoVR/Python/ros2_wrk/py_test', 'symlink_install': False, 'test_result_base': None}
[1.918s] INFO:colcon.colcon_core.executor:Executing jobs using 'parallel' executor
[1.941s] DEBUG:colcon.colcon_parallel_executor.executor.parallel:run_until_complete
[1.942s] INFO:colcon.colcon_ros.task.ament_python.build:Building ROS package in '/home/mslettom/Desktop/RoVR/Python/ros2_wrk/py_test' with build type 'ament_python'
[1.942s] Level 1:colcon.colcon_core.shell:create_environment_hook('py_test', 'ament_prefix_path')
[1.966s] INFO:colcon.colcon_core.plugin_system:Skipping extension 'colcon_core.shell.bat': Not used on non-Windows systems
[1.967s] INFO:colcon.colcon_core.shell:Creating environment hook '/home/mslettom/Desktop/RoVR/Python/ros2_wrk/install/py_test/share/py_test/hook/ament_prefix_path.ps1'
[1.968s] INFO:colcon.colcon_core.shell:Creating environment descriptor '/home/mslettom/Desktop/RoVR/Python/ros2_wrk/install/py_test/share/py_test/hook/ament_prefix_path.dsv'
[1.969s] INFO:colcon.colcon_core.shell:Creating environment hook '/home/mslettom/Desktop/RoVR/Python/ros2_wrk/install/py_test/share/py_test/hook/ament_prefix_path.sh'
[1.997s] INFO:colcon.colcon_core.shell:Skip shell extension 'powershell' for command environment: Not usable outside of PowerShell
[1.997s] DEBUG:colcon.colcon_core.shell:Skip shell extension 'dsv' for command environment
[2.540s] INFO:colcon.colcon_core.task.python.build:Building Python package in '/home/mslettom/Desktop/RoVR/Python/ros2_wrk/py_test'
[2.564s] INFO:colcon.colcon_core.shell:Skip shell extension 'powershell' for command environment: Not usable outside of PowerShell
[2.564s] DEBUG:colcon.colcon_core.shell:Skip shell extension 'dsv' for command environment
[3.264s] DEBUG:colcon.colcon_core.event_handler.log_command:Invoking command in '/home/mslettom/Desktop/RoVR/Python/ros2_wrk/py_test': PYTHONPATH=/home/mslettom/Desktop/RoVR/Python/ros2_wrk/build/py_test/prefix_override:/home/mslettom/Desktop/RoVR/Python/ros2_wrk/install/py_test/lib/python3.10/site-packages:${PYTHONPATH} /usr/bin/python3 setup.py egg_info --egg-base ../build/py_test build --build-base /home/mslettom/Desktop/RoVR/Python/ros2_wrk/build/py_test/build install --record /home/mslettom/Desktop/RoVR/Python/ros2_wrk/build/py_test/install.log --single-version-externally-managed
[3.750s] DEBUG:colcon.colcon_core.event_handler.log_command:Invoked command in '/home/mslettom/Desktop/RoVR/Python/ros2_wrk/py_test' returned '0': PYTHONPATH=/home/mslettom/Desktop/RoVR/Python/ros2_wrk/build/py_test/prefix_override:/home/mslettom/Desktop/RoVR/Python/ros2_wrk/install/py_test/lib/python3.10/site-packages:${PYTHONPATH} /usr/bin/python3 setup.py egg_info --egg-base ../build/py_test build --build-base /home/mslettom/Desktop/RoVR/Python/ros2_wrk/build/py_test/build install --record /home/mslettom/Desktop/RoVR/Python/ros2_wrk/build/py_test/install.log --single-version-externally-managed
[3.774s] Level 1:colcon.colcon_core.environment:checking '/home/mslettom/Desktop/RoVR/Python/ros2_wrk/install/py_test' for CMake module files
[3.775s] Level 1:colcon.colcon_core.environment:checking '/home/mslettom/Desktop/RoVR/Python/ros2_wrk/install/py_test' for CMake config files
[3.776s] Level 1:colcon.colcon_core.environment:checking '/home/mslettom/Desktop/RoVR/Python/ros2_wrk/install/py_test/lib'
[3.777s] Level 1:colcon.colcon_core.environment:checking '/home/mslettom/Desktop/RoVR/Python/ros2_wrk/install/py_test/bin'
[3.777s] Level 1:colcon.colcon_core.environment:checking '/home/mslettom/Desktop/RoVR/Python/ros2_wrk/install/py_test/lib/pkgconfig/py_test.pc'
[3.777s] Level 1:colcon.colcon_core.environment:checking '/home/mslettom/Desktop/RoVR/Python/ros2_wrk/install/py_test/lib/python3.10/site-packages'
[3.777s] Level 1:colcon.colcon_core.shell:create_environment_hook('py_test', 'pythonpath')
[3.802s] INFO:colcon.colcon_core.shell:Creating environment hook '/home/mslettom/Desktop/RoVR/Python/ros2_wrk/install/py_test/share/py_test/hook/pythonpath.ps1'
[3.803s] INFO:colcon.colcon_core.shell:Creating environment descriptor '/home/mslettom/Desktop/RoVR/Python/ros2_wrk/install/py_test/share/py_test/hook/pythonpath.dsv'
[3.804s] INFO:colcon.colcon_core.shell:Creating environment hook '/home/mslettom/Desktop/RoVR/Python/ros2_wrk/install/py_test/share/py_test/hook/pythonpath.sh'
[3.805s] Level 1:colcon.colcon_core.environment:checking '/home/mslettom/Desktop/RoVR/Python/ros2_wrk/install/py_test/bin'
[3.805s] Level 1:colcon.colcon_core.environment:create_environment_scripts_only(py_test)
[3.824s] INFO:colcon.colcon_core.shell:Creating package script '/home/mslettom/Desktop/RoVR/Python/ros2_wrk/install/py_test/share/py_test/package.ps1'
[3.826s] INFO:colcon.colcon_core.shell:Creating package descriptor '/home/mslettom/Desktop/RoVR/Python/ros2_wrk/install/py_test/share/py_test/package.dsv'
[3.827s] INFO:colcon.colcon_core.shell:Creating package script '/home/mslettom/Desktop/RoVR/Python/ros2_wrk/install/py_test/share/py_test/package.sh'
[3.828s] INFO:colcon.colcon_core.shell:Creating package script '/home/mslettom/Desktop/RoVR/Python/ros2_wrk/install/py_test/share/py_test/package.bash'
[3.829s] INFO:colcon.colcon_core.shell:Creating package script '/home/mslettom/Desktop/RoVR/Python/ros2_wrk/install/py_test/share/py_test/package.zsh'
[3.830s] Level 1:colcon.colcon_core.environment:create_file_with_runtime_dependencies(/home/mslettom/Desktop/RoVR/Python/ros2_wrk/install/py_test/share/colcon-core/packages/py_test)
[3.833s] DEBUG:colcon.colcon_parallel_executor.executor.parallel:closing loop
[3.834s] DEBUG:colcon.colcon_parallel_executor.executor.parallel:loop closed
[3.834s] DEBUG:colcon.colcon_parallel_executor.executor.parallel:run_until_complete finished with '0'
[3.834s] DEBUG:colcon.colcon_core.event_reactor:joining thread
[3.881s] INFO:colcon.colcon_core.plugin_system:Skipping extension 'colcon_notification.desktop_notification.terminal_notifier': Not used on non-Darwin systems
[3.881s] INFO:colcon.colcon_core.plugin_system:Skipping extension 'colcon_notification.desktop_notification.win32': Not used on non-Windows systems
[3.881s] INFO:colcon.colcon_notification.desktop_notification:Sending desktop notification using 'notify2'
[3.908s] DEBUG:colcon.colcon_core.event_reactor:joined thread
[3.929s] INFO:colcon.colcon_core.shell:Creating prefix script '/home/mslettom/Desktop/RoVR/Python/ros2_wrk/install/local_setup.ps1'
[3.931s] INFO:colcon.colcon_core.shell:Creating prefix util module '/home/mslettom/Desktop/RoVR/Python/ros2_wrk/install/_local_setup_util_ps1.py'
[3.934s] INFO:colcon.colcon_core.shell:Creating prefix chain script '/home/mslettom/Desktop/RoVR/Python/ros2_wrk/install/setup.ps1'
[3.966s] INFO:colcon.colcon_core.shell:Creating prefix script '/home/mslettom/Desktop/RoVR/Python/ros2_wrk/install/local_setup.sh'
[3.968s] INFO:colcon.colcon_core.shell:Creating prefix util module '/home/mslettom/Desktop/RoVR/Python/ros2_wrk/install/_local_setup_util_sh.py'
[3.969s] INFO:colcon.colcon_core.shell:Creating prefix chain script '/home/mslettom/Desktop/RoVR/Python/ros2_wrk/install/setup.sh'
[4.001s] INFO:colcon.colcon_core.shell:Creating prefix script '/home/mslettom/Desktop/RoVR/Python/ros2_wrk/install/local_setup.bash'
[4.003s] INFO:colcon.colcon_core.shell:Creating prefix chain script '/home/mslettom/Desktop/RoVR/Python/ros2_wrk/install/setup.bash'
[4.025s] INFO:colcon.colcon_core.shell:Creating prefix script '/home/mslettom/Desktop/RoVR/Python/ros2_wrk/install/local_setup.zsh'
[4.026s] INFO:colcon.colcon_core.shell:Creating prefix chain script '/home/mslettom/Desktop/RoVR/Python/ros2_wrk/install/setup.zsh'
