[1.434s] DEBUG:colcon:Command line arguments: ['/usr/bin/colcon', 'build', '--packages-select', 'py_test/']
[1.434s] DEBUG:colcon:Parsed command line arguments: Namespace(log_base=None, log_level=None, verb_name='build', build_base='build', install_base='install', merge_install=False, symlink_install=False, test_result_base=None, continue_on_error=False, executor='parallel', parallel_workers=4, event_handlers=None, ignore_user_meta=False, metas=['./colcon.meta'], base_paths=['.'], packages_ignore=None, packages_ignore_regex=None, paths=None, packages_up_to=None, packages_up_to_regex=None, packages_above=None, packages_above_and_dependencies=None, packages_above_depth=None, packages_select_by_dep=None, packages_skip_by_dep=None, packages_skip_up_to=None, packages_select_build_failed=False, packages_skip_build_finished=False, packages_select_test_failures=False, packages_skip_test_passed=False, packages_select=['py_test/'], packages_skip=None, packages_select_regex=None, packages_skip_regex=None, packages_start=None, packages_end=None, allow_overriding=[], cmake_args=None, cmake_target=None, cmake_target_skip_unavailable=False, cmake_clean_cache=False, cmake_clean_first=False, cmake_force_configure=False, ament_cmake_args=None, catkin_cmake_args=None, catkin_skip_building_tests=False, verb_parser=<colcon_defaults.argument_parser.defaults.DefaultArgumentsDecorator object at 0x7ff120316650>, verb_extension=<colcon_core.verb.build.BuildVerb object at 0x7ff120314850>, main=<bound method BuildVerb.main of <colcon_core.verb.build.BuildVerb object at 0x7ff120314850>>)
[1.499s] Level 1:colcon.colcon_core.package_discovery:discover_packages(colcon_meta) check parameters
[1.499s] Level 1:colcon.colcon_core.package_discovery:discover_packages(recursive) check parameters
[1.500s] Level 1:colcon.colcon_core.package_discovery:discover_packages(ignore) check parameters
[1.500s] Level 1:colcon.colcon_core.package_discovery:discover_packages(path) check parameters
[1.500s] Level 1:colcon.colcon_core.package_discovery:discover_packages(colcon_meta) discover
[1.500s] Level 1:colcon.colcon_core.package_discovery:discover_packages(recursive) discover
[1.500s] INFO:colcon.colcon_core.package_discovery:Crawling recursively for packages in '/home/mslettom/Desktop/RoVR/Python/ros2_wrk'
[1.500s] Level 1:colcon.colcon_core.package_identification:_identify(.) by extensions ['ignore', 'ignore_ament_install']
[1.500s] Level 1:colcon.colcon_core.package_identification:_identify(.) by extension 'ignore'
[1.500s] Level 1:colcon.colcon_core.package_identification:_identify(.) by extension 'ignore_ament_install'
[1.500s] Level 1:colcon.colcon_core.package_identification:_identify(.) by extensions ['colcon_pkg']
[1.500s] Level 1:colcon.colcon_core.package_identification:_identify(.) by extension 'colcon_pkg'
[1.500s] Level 1:colcon.colcon_core.package_identification:_identify(.) by extensions ['colcon_meta']
[1.500s] Level 1:colcon.colcon_core.package_identification:_identify(.) by extension 'colcon_meta'
[1.500s] Level 1:colcon.colcon_core.package_identification:_identify(.) by extensions ['ros']
[1.500s] Level 1:colcon.colcon_core.package_identification:_identify(.) by extension 'ros'
[1.528s] Level 1:colcon.colcon_core.package_identification:_identify(.) by extensions ['cmake', 'python']
[1.528s] Level 1:colcon.colcon_core.package_identification:_identify(.) by extension 'cmake'
[1.528s] Level 1:colcon.colcon_core.package_identification:_identify(.) by extension 'python'
[1.528s] Level 1:colcon.colcon_core.package_identification:_identify(.) by extensions ['python_setup_py']
[1.528s] Level 1:colcon.colcon_core.package_identification:_identify(.) by extension 'python_setup_py'
[1.529s] Level 1:colcon.colcon_core.package_identification:_identify(build) by extensions ['ignore', 'ignore_ament_install']
[1.529s] Level 1:colcon.colcon_core.package_identification:_identify(build) by extension 'ignore'
[1.529s] Level 1:colcon.colcon_core.package_identification:_identify(build) ignored
[1.529s] Level 1:colcon.colcon_core.package_identification:_identify(install) by extensions ['ignore', 'ignore_ament_install']
[1.529s] Level 1:colcon.colcon_core.package_identification:_identify(install) by extension 'ignore'
[1.529s] Level 1:colcon.colcon_core.package_identification:_identify(install) ignored
[1.529s] Level 1:colcon.colcon_core.package_identification:_identify(log) by extensions ['ignore', 'ignore_ament_install']
[1.529s] Level 1:colcon.colcon_core.package_identification:_identify(log) by extension 'ignore'
[1.530s] Level 1:colcon.colcon_core.package_identification:_identify(log) ignored
[1.530s] Level 1:colcon.colcon_core.package_identification:_identify(py_test) by extensions ['ignore', 'ignore_ament_install']
[1.530s] Level 1:colcon.colcon_core.package_identification:_identify(py_test) by extension 'ignore'
[1.530s] Level 1:colcon.colcon_core.package_identification:_identify(py_test) by extension 'ignore_ament_install'
[1.530s] Level 1:colcon.colcon_core.package_identification:_identify(py_test) by extensions ['colcon_pkg']
[1.530s] Level 1:colcon.colcon_core.package_identification:_identify(py_test) by extension 'colcon_pkg'
[1.530s] Level 1:colcon.colcon_core.package_identification:_identify(py_test) by extensions ['colcon_meta']
[1.530s] Level 1:colcon.colcon_core.package_identification:_identify(py_test) by extension 'colcon_meta'
[1.530s] Level 1:colcon.colcon_core.package_identification:_identify(py_test) by extensions ['ros']
[1.530s] Level 1:colcon.colcon_core.package_identification:_identify(py_test) by extension 'ros'
[1.539s] DEBUG:colcon.colcon_core.package_identification:Found ROS schema reference in package manifest in 'py_test'
[1.539s] WARNING:colcon.colcon_core.package_identification:Failed to parse ROS package manifest in 'py_test': Error(s) in package 'py_test/package.xml':
Invalid email "" for person "NAME"
Maintainers must have an email address
[1.539s] Level 1:colcon.colcon_core.package_identification:_identify(py_test) by extensions ['cmake', 'python']
[1.539s] Level 1:colcon.colcon_core.package_identification:_identify(py_test) by extension 'cmake'
[1.539s] Level 1:colcon.colcon_core.package_identification:_identify(py_test) by extension 'python'
[1.539s] DEBUG:colcon.colcon_core.package_identification:Python package in 'py_test' passes arguments to the setup() function which requires a different identification extension than 'python'
[1.540s] Level 1:colcon.colcon_core.package_identification:_identify(py_test) by extensions ['python_setup_py']
[1.540s] Level 1:colcon.colcon_core.package_identification:_identify(py_test) by extension 'python_setup_py'
[2.035s] DEBUG:colcon.colcon_core.package_identification:Package 'py_test' with type 'python' and name 'py_test'
[2.035s] Level 1:colcon.colcon_core.package_identification:_identify(src) by extensions ['ignore', 'ignore_ament_install']
[2.036s] Level 1:colcon.colcon_core.package_identification:_identify(src) by extension 'ignore'
[2.036s] Level 1:colcon.colcon_core.package_identification:_identify(src) by extension 'ignore_ament_install'
[2.036s] Level 1:colcon.colcon_core.package_identification:_identify(src) by extensions ['colcon_pkg']
[2.036s] Level 1:colcon.colcon_core.package_identification:_identify(src) by extension 'colcon_pkg'
[2.036s] Level 1:colcon.colcon_core.package_identification:_identify(src) by extensions ['colcon_meta']
[2.036s] Level 1:colcon.colcon_core.package_identification:_identify(src) by extension 'colcon_meta'
[2.036s] Level 1:colcon.colcon_core.package_identification:_identify(src) by extensions ['ros']
[2.036s] Level 1:colcon.colcon_core.package_identification:_identify(src) by extension 'ros'
[2.036s] Level 1:colcon.colcon_core.package_identification:_identify(src) by extensions ['cmake', 'python']
[2.036s] Level 1:colcon.colcon_core.package_identification:_identify(src) by extension 'cmake'
[2.036s] Level 1:colcon.colcon_core.package_identification:_identify(src) by extension 'python'
[2.037s] Level 1:colcon.colcon_core.package_identification:_identify(src) by extensions ['python_setup_py']
[2.037s] Level 1:colcon.colcon_core.package_identification:_identify(src) by extension 'python_setup_py'
[2.037s] Level 1:colcon.colcon_core.package_discovery:discover_packages(recursive) using defaults
[2.037s] Level 1:colcon.colcon_core.package_discovery:discover_packages(ignore) discover
[2.037s] Level 1:colcon.colcon_core.package_discovery:discover_packages(ignore) using defaults
[2.037s] Level 1:colcon.colcon_core.package_discovery:discover_packages(path) discover
[2.037s] Level 1:colcon.colcon_core.package_discovery:discover_packages(path) using defaults
[2.062s] WARNING:colcon.colcon_core.package_selection:ignoring unknown package 'py_test/' in --packages-select
[2.150s] INFO:colcon.colcon_core.package_selection:Skipping not selected package 'py_test' in 'py_test'
[2.202s] Level 1:colcon.colcon_core.package_discovery:discover_packages(prefix_path) check parameters
[2.202s] Level 1:colcon.colcon_core.package_discovery:discover_packages(prefix_path) discover
[2.251s] DEBUG:colcon.colcon_installed_package_information.package_discovery:Found 270 installed packages in /opt/ros/humble
[2.253s] Level 1:colcon.colcon_core.package_discovery:discover_packages(prefix_path) using defaults
[2.387s] INFO:colcon.colcon_core.executor:Executing jobs using 'parallel' executor
[2.410s] DEBUG:colcon.colcon_parallel_executor.executor.parallel:run_until_complete
[2.410s] DEBUG:colcon.colcon_parallel_executor.executor.parallel:closing loop
[2.410s] DEBUG:colcon.colcon_parallel_executor.executor.parallel:loop closed
[2.411s] DEBUG:colcon.colcon_parallel_executor.executor.parallel:run_until_complete finished with '0'
[2.411s] DEBUG:colcon.colcon_core.event_reactor:joining thread
[2.436s] INFO:colcon.colcon_core.plugin_system:Skipping extension 'colcon_notification.desktop_notification.terminal_notifier': Not used on non-Darwin systems
[2.436s] INFO:colcon.colcon_core.plugin_system:Skipping extension 'colcon_notification.desktop_notification.win32': Not used on non-Windows systems
[2.436s] INFO:colcon.colcon_notification.desktop_notification:Sending desktop notification using 'notify2'
[2.463s] DEBUG:colcon.colcon_core.event_reactor:joined thread
[2.498s] INFO:colcon.colcon_core.plugin_system:Skipping extension 'colcon_core.shell.bat': Not used on non-Windows systems
[2.499s] INFO:colcon.colcon_core.shell:Creating prefix script '/home/mslettom/Desktop/RoVR/Python/ros2_wrk/install/local_setup.ps1'
[2.501s] INFO:colcon.colcon_core.shell:Creating prefix util module '/home/mslettom/Desktop/RoVR/Python/ros2_wrk/install/_local_setup_util_ps1.py'
[2.505s] INFO:colcon.colcon_core.shell:Creating prefix chain script '/home/mslettom/Desktop/RoVR/Python/ros2_wrk/install/setup.ps1'
[2.541s] INFO:colcon.colcon_core.shell:Creating prefix script '/home/mslettom/Desktop/RoVR/Python/ros2_wrk/install/local_setup.sh'
[2.542s] INFO:colcon.colcon_core.shell:Creating prefix util module '/home/mslettom/Desktop/RoVR/Python/ros2_wrk/install/_local_setup_util_sh.py'
[2.544s] INFO:colcon.colcon_core.shell:Creating prefix chain script '/home/mslettom/Desktop/RoVR/Python/ros2_wrk/install/setup.sh'
[2.569s] INFO:colcon.colcon_core.shell:Creating prefix script '/home/mslettom/Desktop/RoVR/Python/ros2_wrk/install/local_setup.bash'
[2.571s] INFO:colcon.colcon_core.shell:Creating prefix chain script '/home/mslettom/Desktop/RoVR/Python/ros2_wrk/install/setup.bash'
[2.605s] INFO:colcon.colcon_core.shell:Creating prefix script '/home/mslettom/Desktop/RoVR/Python/ros2_wrk/install/local_setup.zsh'
[2.606s] INFO:colcon.colcon_core.shell:Creating prefix chain script '/home/mslettom/Desktop/RoVR/Python/ros2_wrk/install/setup.zsh'
